<?xml version="1.0" encoding="UTF-8" ?>
<testsuites id="2024-12-30T21:25:39" name="report_3" tests="27" failures="2" time="21.215">
	<testsuite id="0" name="test_module_groups" package="tests" timestamp="2024-12-30T23:25:16" hostname="localhost" tests="3" failures="0" errors="0" skipped="0" time="0.409">
		<testcase name="test_is_group_valid_in_scene_tree_with_group_valid" classname="test_module_groups" time="0.180">
		</testcase>
		<testcase name="test_is_group_valid_in_scene_tree_with_group_invalid" classname="test_module_groups" time="0.078">
		</testcase>
		<testcase name="test_is_group_valid_out_scene_tree" classname="test_module_groups" time="0.132">
		</testcase>
	</testsuite>
	<testsuite id="1" name="test_sigleton_manager_levels" package="tests" timestamp="2024-12-30T23:25:16" hostname="localhost" tests="10" failures="2" errors="0" skipped="0" time="19.556">
		<testcase name="test_try_get_env_main" classname="test_sigleton_manager_levels" time="0.156">
		</testcase>
		<testcase name="test_try_get_env_level" classname="test_sigleton_manager_levels" time="2.717">
		</testcase>
		<testcase name="test_try_get_env_generic" classname="test_sigleton_manager_levels" time="1.109">
			<failure message="FAILED: res://tests/test_sigleton_manager_levels.gd:48" type="FAILURE">
<![CDATA[
Expecting:
 '2'
 but was
 'Null'
]]>
			</failure>
		</testcase>
		<testcase name="test_try_get_env_unknow" classname="test_sigleton_manager_levels" time="1.298">
			<failure message="FAILED: res://tests/test_sigleton_manager_levels.gd:53" type="FAILURE">
<![CDATA[
Expecting:
 '3'
 but was
 'Null'
]]>
			</failure>
		</testcase>
		<testcase name="test_get_levels" classname="test_sigleton_manager_levels" time="1.298">
		</testcase>
		<testcase name="test_get_levels_path_invalid" classname="test_sigleton_manager_levels" time="1.116">
		</testcase>
		<testcase name="test_remove_current_scene" classname="test_sigleton_manager_levels" time="0.099">
		</testcase>
		<testcase name="test_remove_current_scene_no_scene_in_get_tree" classname="test_sigleton_manager_levels" time="0.099">
		</testcase>
		<testcase name="test_set_scene_name_no_as_generic" classname="test_sigleton_manager_levels" time="0.097">
		</testcase>
		<testcase name="test_set_scene_name_as_generic" classname="test_sigleton_manager_levels" time="0.065">
		</testcase>
	</testsuite>
	<testsuite id="2" name="test_sigleton_modules" package="tests" timestamp="2024-12-30T23:25:36" hostname="localhost" tests="14" failures="0" errors="0" skipped="0" time="1.250">
		<testcase name="test_is_package" classname="test_sigleton_modules" time="0.077">
		</testcase>
		<testcase name="test_not_is_package" classname="test_sigleton_modules" time="0.068">
		</testcase>
		<testcase name="test_is_module" classname="test_sigleton_modules" time="0.081">
		</testcase>
		<testcase name="test_not_is_module" classname="test_sigleton_modules" time="0.116">
		</testcase>
		<testcase name="test_get_pathrray_by_string" classname="test_sigleton_modules" time="0.081">
		</testcase>
		<testcase name="test_get_pathrray_by_string_with_one_path" classname="test_sigleton_modules" time="0.083">
		</testcase>
		<testcase name="test_get_string_by_pathrray_type_package_as_path" classname="test_sigleton_modules" time="0.080">
		</testcase>
		<testcase name="test_get_string_by_pathrray_type_package_as_path_module" classname="test_sigleton_modules" time="0.066">
		</testcase>
		<testcase name="test_get_string_by_pathrray_type_module_as_path" classname="test_sigleton_modules" time="0.083">
		</testcase>
		<testcase name="test_get_string_by_pathrray_type_module_as_path_module" classname="test_sigleton_modules" time="0.082">
		</testcase>
		<testcase name="test_get_module_by_pathrray_valid" classname="test_sigleton_modules" time="0.117">
		</testcase>
		<testcase name="test_get_module_by_pathrray_not_valid" classname="test_sigleton_modules" time="0.099">
		</testcase>
		<testcase name="test_get_package_by_pathrray" classname="test_sigleton_modules" time="0.082">
		</testcase>
		<testcase name="test_get_package_by_pathrray_invalid" classname="test_sigleton_modules" time="0.083">
		</testcase>
	</testsuite>
</testsuites>
